<?xml version="1.0" encoding="UTF-8"?>
<!-- Generated by org.testng.reporters.JUnitXMLReporter -->
<testsuite hostname="LAPTOP-I4MC9DC6" ignored="0" name="Default test" tests="3" failures="0" timestamp="23 Jun 2018 14:43:37 GMT" time="0.076" errors="0">
  <testcase name="getData" time="0.015" classname="dataprovider.DataProviderEx"/>
  <testcase name="getData" time="0.005" classname="dataprovider.DataProviderEx"/>
  <testcase name="getData" time="0.002" classname="dataprovider.DataProviderEx"/>
</testsuite> <!-- Default test -->
