<?xml version="1.0" encoding="UTF-8"?>
<!-- Generated by org.testng.reporters.JUnitXMLReporter -->
<testsuite hostname="LAPTOP-I4MC9DC6" ignored="8" name="Test" tests="2" failures="0" timestamp="23 Jun 2018 07:58:16 GMT" time="0.06" errors="0">
  <testcase name="apple2" time="0.013" classname="testng.day2"/>
  <testcase name="apple4" time="0.002" classname="testng.day4"/>
  <testcase name="apple" time="0.0" classname="testng.day1">
    <ignored/>
  </testcase> <!-- apple -->
  <testcase name="test2" time="0.0" classname="testng.day2">
    <ignored/>
  </testcase> <!-- test2 -->
  <testcase name="test4" time="0.0" classname="testng.day4">
    <ignored/>
  </testcase> <!-- test4 -->
  <testcase name="appledolly" time="0.0" classname="testng.day2">
    <ignored/>
  </testcase> <!-- appledolly -->
  <testcase name="test2" time="0.0" classname="testng.day3">
    <ignored/>
  </testcase> <!-- test2 -->
  <testcase name="test1" time="0.0" classname="testng.day1">
    <ignored/>
  </testcase> <!-- test1 -->
  <testcase name="testme" time="0.0" classname="testng.day1">
    <ignored/>
  </testcase> <!-- testme -->
  <testcase name="apple2" time="0.0" classname="testng.day3">
    <ignored/>
  </testcase> <!-- apple2 -->
</testsuite> <!-- Test -->
