<?xml version="1.0" encoding="UTF-8"?>
<!-- Generated by org.testng.reporters.JUnitXMLReporter -->
<testsuite hostname="LAPTOP-I4MC9DC6" ignored="2" name="Test2" tests="3" failures="0" timestamp="06 Jun 2018 15:50:43 GMT" time="0.014" errors="0">
  <testcase name="test2" time="0.002" classname="testng.day2"/>
  <testcase name="apple" time="0.002" classname="testng.day1"/>
  <testcase name="test1" time="0.001" classname="testng.day1"/>
  <testcase name="appledolly" time="0.0" classname="testng.day2">
    <ignored/>
  </testcase> <!-- appledolly -->
  <testcase name="apple2" time="0.0" classname="testng.day2">
    <ignored/>
  </testcase> <!-- apple2 -->
</testsuite> <!-- Test2 -->
