<?xml version="1.0" encoding="UTF-8"?>
<testng-results skipped="0" failed="0" ignored="0" total="3" passed="3">
  <reporter-output>
  </reporter-output>
  <suite name="Default suite" duration-ms="76" started-at="2018-06-23T14:43:37Z" finished-at="2018-06-23T14:43:37Z">
    <groups>
    </groups>
    <test name="Default test" duration-ms="76" started-at="2018-06-23T14:43:37Z" finished-at="2018-06-23T14:43:37Z">
      <class name="dataprovider.DataProviderEx">
        <test-method status="PASS" signature="getData(java.lang.String, java.lang.String)[pri:0, instance:dataprovider.DataProviderEx@61832929]" name="getData" duration-ms="15" started-at="2018-06-23T20:13:37Z" data-provider="dp" finished-at="2018-06-23T20:13:37Z">
          <params>
            <param index="0">
              <value>
                <![CDATA[Dolly]]>
              </value>
            </param>
            <param index="1">
              <value>
                <![CDATA[Gandhi]]>
              </value>
            </param>
          </params>
          <reporter-output>
          </reporter-output>
        </test-method> <!-- getData -->
        <test-method status="PASS" signature="getData(java.lang.String, java.lang.String)[pri:0, instance:dataprovider.DataProviderEx@61832929]" name="getData" duration-ms="5" started-at="2018-06-23T20:13:37Z" data-provider="dp" finished-at="2018-06-23T20:13:37Z">
          <params>
            <param index="0">
              <value>
                <![CDATA[Anchit]]>
              </value>
            </param>
            <param index="1">
              <value>
                <![CDATA[Narang]]>
              </value>
            </param>
          </params>
          <reporter-output>
          </reporter-output>
        </test-method> <!-- getData -->
        <test-method status="PASS" signature="getData(java.lang.String, java.lang.String)[pri:0, instance:dataprovider.DataProviderEx@61832929]" name="getData" duration-ms="2" started-at="2018-06-23T20:13:37Z" data-provider="dp" finished-at="2018-06-23T20:13:37Z">
          <params>
            <param index="0">
              <value>
                <![CDATA[Lalit]]>
              </value>
            </param>
            <param index="1">
              <value>
                <![CDATA[Gandhi]]>
              </value>
            </param>
          </params>
          <reporter-output>
          </reporter-output>
        </test-method> <!-- getData -->
      </class> <!-- dataprovider.DataProviderEx -->
    </test> <!-- Default test -->
  </suite> <!-- Default suite -->
</testng-results>
